<?xml version="1.0" encoding="UTF-8"?>
<robot generator="Robot 4.0.1 (Python 3.6.5 on win32)" generated="20210413 18:56:51.424" rpa="false" schemaversion="2">
<suite id="s1" name="Test" source="D:\_Automation\_Curse\Automation_web_robot\Hello\test.robot">
<test id="s1-t1" name="Deve retornar mensagem de boas vindas">
<kw name="Welcome" library="app">
<var>${result}</var>
<arg>Tiago</arg>
<msg timestamp="20210413 18:56:51.458" level="INFO">${result} = Ola Tiago, bem vindo ao curso</msg>
<status status="PASS" starttime="20210413 18:56:51.458" endtime="20210413 18:56:51.458"/>
</kw>
<kw name="Should Be Equal" library="BuiltIn">
<arg>${result}</arg>
<arg>Ola Tiago bem vindo ao curso</arg>
<doc>Fails if the given objects are unequal.</doc>
<msg timestamp="20210413 18:56:51.459" level="FAIL">Ola Tiago, bem vindo ao curso != Ola Tiago bem vindo ao curso</msg>
<status status="FAIL" starttime="20210413 18:56:51.459" endtime="20210413 18:56:51.459"/>
</kw>
<status status="FAIL" starttime="20210413 18:56:51.458" endtime="20210413 18:56:51.460">Ola Tiago, bem vindo ao curso != Ola Tiago bem vindo ao curso</status>
</test>
<status status="FAIL" starttime="20210413 18:56:51.427" endtime="20210413 18:56:51.461"/>
</suite>
<statistics>
<total>
<stat pass="0" fail="1" skip="0">All Tests</stat>
</total>
<tag>
</tag>
<suite>
<stat pass="0" fail="1" skip="0" id="s1" name="Test">Test</stat>
</suite>
</statistics>
<errors>
</errors>
</robot>
