<?xml version="1.0" encoding="UTF-8"?>
<robot generator="Robot 3.2.2 (Python 3.8.1 on win32)" generated="20201005 15:20:31.912" rpa="false">
<suite id="s1" name="Checkbox" source="D:\_Automation\_Curse\Automation_robot_python\web\checkbox.robot">
<test id="s1-t1" name="Marcando opção com Id">
<kw name="Open Browser" library="SeleniumLibrary">
<doc>Opens a new browser instance to the optional ``url``.</doc>
<arguments>
<arg>${url}</arg>
<arg>chrome</arg>
</arguments>
<msg timestamp="20201005 15:20:32.062" level="INFO">Opening browser 'chrome' to base url 'https://training-wheels-protocol.herokuapp.com/'.</msg>
<status status="PASS" starttime="20201005 15:20:32.062" endtime="20201005 15:20:38.914"></status>
</kw>
<kw name="Go To" library="SeleniumLibrary">
<doc>Navigates the current browser window to the provided ``url``.</doc>
<arguments>
<arg>${url}/checkboxes</arg>
</arguments>
<msg timestamp="20201005 15:20:38.915" level="INFO">Opening url 'https://training-wheels-protocol.herokuapp.com//checkboxes'</msg>
<status status="PASS" starttime="20201005 15:20:38.914" endtime="20201005 15:20:39.202"></status>
</kw>
<kw name="Select Checkbox" library="SeleniumLibrary">
<doc>Selects the checkbox identified by ``locator``.</doc>
<arguments>
<arg>id:thor</arg>
</arguments>
<msg timestamp="20201005 15:20:39.203" level="INFO">Selecting checkbox 'id:thor'.</msg>
<status status="PASS" starttime="20201005 15:20:39.203" endtime="20201005 15:20:39.260"></status>
</kw>
<kw name="Checkbox Should Be Selected" library="SeleniumLibrary">
<doc>Verifies checkbox ``locator`` is selected/checked.</doc>
<arguments>
<arg>id:thor</arg>
</arguments>
<msg timestamp="20201005 15:20:39.261" level="INFO">Verifying checkbox 'id:thor' is selected.</msg>
<status status="PASS" starttime="20201005 15:20:39.260" endtime="20201005 15:20:39.281"></status>
</kw>
<kw name="Close Browser" library="SeleniumLibrary">
<doc>Closes the current browser.</doc>
<status status="PASS" starttime="20201005 15:20:39.282" endtime="20201005 15:20:41.608"></status>
</kw>
<status status="PASS" starttime="20201005 15:20:32.062" endtime="20201005 15:20:41.609" critical="yes"></status>
</test>
<test id="s1-t2" name="Marcando opção com CSS selector">
<kw name="Open Browser" library="SeleniumLibrary">
<doc>Opens a new browser instance to the optional ``url``.</doc>
<arguments>
<arg>${url}</arg>
<arg>chrome</arg>
</arguments>
<msg timestamp="20201005 15:20:41.611" level="INFO">Opening browser 'chrome' to base url 'https://training-wheels-protocol.herokuapp.com/'.</msg>
<status status="PASS" starttime="20201005 15:20:41.611" endtime="20201005 15:20:48.047"></status>
</kw>
<kw name="Go To" library="SeleniumLibrary">
<doc>Navigates the current browser window to the provided ``url``.</doc>
<arguments>
<arg>${url}/checkboxes</arg>
</arguments>
<msg timestamp="20201005 15:20:48.048" level="INFO">Opening url 'https://training-wheels-protocol.herokuapp.com//checkboxes'</msg>
<status status="PASS" starttime="20201005 15:20:48.048" endtime="20201005 15:20:48.344"></status>
</kw>
<kw name="Select Checkbox" library="SeleniumLibrary">
<doc>Selects the checkbox identified by ``locator``.</doc>
<arguments>
<arg>css:input[value='iron-man']</arg>
</arguments>
<msg timestamp="20201005 15:20:48.344" level="INFO">Selecting checkbox 'css:input[value='iron-man']'.</msg>
<status status="PASS" starttime="20201005 15:20:48.344" endtime="20201005 15:20:48.402"></status>
</kw>
<kw name="Checkbox Should Be Selected" library="SeleniumLibrary">
<doc>Verifies checkbox ``locator`` is selected/checked.</doc>
<arguments>
<arg>css:input[value='iron-man']</arg>
</arguments>
<msg timestamp="20201005 15:20:48.402" level="INFO">Verifying checkbox 'css:input[value='iron-man']' is selected.</msg>
<status status="PASS" starttime="20201005 15:20:48.402" endtime="20201005 15:20:48.423"></status>
</kw>
<kw name="Close Browser" library="SeleniumLibrary">
<doc>Closes the current browser.</doc>
<status status="PASS" starttime="20201005 15:20:48.424" endtime="20201005 15:20:50.775"></status>
</kw>
<status status="PASS" starttime="20201005 15:20:41.610" endtime="20201005 15:20:50.776" critical="yes"></status>
</test>
<status status="PASS" starttime="20201005 15:20:31.914" endtime="20201005 15:20:50.777"></status>
</suite>
<statistics>
<total>
<stat pass="2" fail="0">Critical Tests</stat>
<stat pass="2" fail="0">All Tests</stat>
</total>
<tag>
</tag>
<suite>
<stat pass="2" fail="0" id="s1" name="Checkbox">Checkbox</stat>
</suite>
</statistics>
<errors>
</errors>
</robot>
