<?xml version="1.0" encoding="UTF-8"?>
<robot generator="Robot 3.2.2 (Python 3.8.1 on win32)" generated="20201007 19:43:40.864" rpa="false">
<suite id="s1" name="Login Form" source="D:\_Automation\_Curse\Automation_robot_python\web\Tests\login_form.robot">
<test id="s1-t1" name="Login com sucesso">
<kw name="Nova sessão" library="base" type="setup">
<kw name="Open Browser" library="SeleniumLibrary">
<doc>Opens a new browser instance to the optional ``url``.</doc>
<arguments>
<arg>${url}</arg>
<arg>chrome</arg>
</arguments>
<msg timestamp="20201007 19:43:41.068" level="INFO">Opening browser 'chrome' to base url 'https://training-wheels-protocol.herokuapp.com/'.</msg>
<status status="PASS" starttime="20201007 19:43:41.067" endtime="20201007 19:43:48.447"></status>
</kw>
<status status="PASS" starttime="20201007 19:43:41.067" endtime="20201007 19:43:48.447"></status>
</kw>
<kw name="Go To" library="SeleniumLibrary">
<doc>Navigates the current browser window to the provided ``url``.</doc>
<arguments>
<arg>${url}/login</arg>
</arguments>
<msg timestamp="20201007 19:43:48.448" level="INFO">Opening url 'https://training-wheels-protocol.herokuapp.com//login'</msg>
<status status="PASS" starttime="20201007 19:43:48.447" endtime="20201007 19:43:48.983"></status>
</kw>
<kw name="Login With">
<arguments>
<arg>stark</arg>
<arg>jarvis!</arg>
</arguments>
<kw name="Input Text" library="SeleniumLibrary">
<doc>Types the given ``text`` into the text field identified by ``locator``.</doc>
<arguments>
<arg>css:input[name=username]</arg>
<arg>${username}</arg>
</arguments>
<msg timestamp="20201007 19:43:48.984" level="INFO">Typing text 'stark' into text field 'css:input[name=username]'.</msg>
<status status="PASS" starttime="20201007 19:43:48.983" endtime="20201007 19:43:49.060"></status>
</kw>
<kw name="Input Text" library="SeleniumLibrary">
<doc>Types the given ``text`` into the text field identified by ``locator``.</doc>
<arguments>
<arg>css:input[name=password]</arg>
<arg>${password}</arg>
</arguments>
<msg timestamp="20201007 19:43:49.061" level="INFO">Typing text 'jarvis!' into text field 'css:input[name=password]'.</msg>
<status status="PASS" starttime="20201007 19:43:49.061" endtime="20201007 19:43:49.131"></status>
</kw>
<kw name="Click Element" library="SeleniumLibrary">
<doc>Click the element identified by ``locator``.</doc>
<arguments>
<arg>class:btn-login</arg>
</arguments>
<msg timestamp="20201007 19:43:49.131" level="INFO">Clicking element 'class:btn-login'.</msg>
<status status="PASS" starttime="20201007 19:43:49.131" endtime="20201007 19:43:49.691"></status>
</kw>
<status status="PASS" starttime="20201007 19:43:48.983" endtime="20201007 19:43:49.691"></status>
</kw>
<kw name="Should See Logged User">
<arguments>
<arg>Tony Stark</arg>
</arguments>
<kw name="Page Should Contain" library="SeleniumLibrary">
<doc>Verifies that current page contains ``text``.</doc>
<arguments>
<arg>Olá, ${full_name}. Você acessou a área logada!</arg>
</arguments>
<msg timestamp="20201007 19:43:49.706" level="INFO">Current page contains text 'Olá, Tony Stark. Você acessou a área logada!'.</msg>
<status status="PASS" starttime="20201007 19:43:49.692" endtime="20201007 19:43:49.706"></status>
</kw>
<status status="PASS" starttime="20201007 19:43:49.692" endtime="20201007 19:43:49.707"></status>
</kw>
<kw name="Finalizar sessão" library="base" type="teardown">
<kw name="Capture Page Screenshot" library="SeleniumLibrary">
<doc>Takes a screenshot of the current page and embeds it into a log file.</doc>
<msg timestamp="20201007 19:43:49.981" level="INFO" html="yes">&lt;/td&gt;&lt;/tr&gt;&lt;tr&gt;&lt;td colspan="3"&gt;&lt;a href="selenium-screenshot-67.png"&gt;&lt;img src="selenium-screenshot-67.png" width="800px"&gt;&lt;/a&gt;</msg>
<status status="PASS" starttime="20201007 19:43:49.707" endtime="20201007 19:43:49.982"></status>
</kw>
<kw name="Close Browser" library="SeleniumLibrary">
<doc>Closes the current browser.</doc>
<status status="PASS" starttime="20201007 19:43:49.982" endtime="20201007 19:43:52.505"></status>
</kw>
<status status="PASS" starttime="20201007 19:43:49.707" endtime="20201007 19:43:52.505"></status>
</kw>
<status status="PASS" starttime="20201007 19:43:41.066" endtime="20201007 19:43:52.505" critical="yes"></status>
</test>
<test id="s1-t2" name="Senha invalida">
<kw name="Nova sessão" library="base" type="setup">
<kw name="Open Browser" library="SeleniumLibrary">
<doc>Opens a new browser instance to the optional ``url``.</doc>
<arguments>
<arg>${url}</arg>
<arg>chrome</arg>
</arguments>
<msg timestamp="20201007 19:43:52.507" level="INFO">Opening browser 'chrome' to base url 'https://training-wheels-protocol.herokuapp.com/'.</msg>
<status status="PASS" starttime="20201007 19:43:52.507" endtime="20201007 19:43:59.392"></status>
</kw>
<status status="PASS" starttime="20201007 19:43:52.507" endtime="20201007 19:43:59.393"></status>
</kw>
<kw name="Go To" library="SeleniumLibrary">
<doc>Navigates the current browser window to the provided ``url``.</doc>
<arguments>
<arg>${url}/login</arg>
</arguments>
<msg timestamp="20201007 19:43:59.393" level="INFO">Opening url 'https://training-wheels-protocol.herokuapp.com//login'</msg>
<status status="PASS" starttime="20201007 19:43:59.393" endtime="20201007 19:43:59.914"></status>
</kw>
<kw name="Login With">
<arguments>
<arg>stark</arg>
<arg>123456</arg>
</arguments>
<kw name="Input Text" library="SeleniumLibrary">
<doc>Types the given ``text`` into the text field identified by ``locator``.</doc>
<arguments>
<arg>css:input[name=username]</arg>
<arg>${username}</arg>
</arguments>
<msg timestamp="20201007 19:43:59.915" level="INFO">Typing text 'stark' into text field 'css:input[name=username]'.</msg>
<status status="PASS" starttime="20201007 19:43:59.915" endtime="20201007 19:43:59.981"></status>
</kw>
<kw name="Input Text" library="SeleniumLibrary">
<doc>Types the given ``text`` into the text field identified by ``locator``.</doc>
<arguments>
<arg>css:input[name=password]</arg>
<arg>${password}</arg>
</arguments>
<msg timestamp="20201007 19:43:59.981" level="INFO">Typing text '123456' into text field 'css:input[name=password]'.</msg>
<status status="PASS" starttime="20201007 19:43:59.981" endtime="20201007 19:44:00.051"></status>
</kw>
<kw name="Click Element" library="SeleniumLibrary">
<doc>Click the element identified by ``locator``.</doc>
<arguments>
<arg>class:btn-login</arg>
</arguments>
<msg timestamp="20201007 19:44:00.052" level="INFO">Clicking element 'class:btn-login'.</msg>
<status status="PASS" starttime="20201007 19:44:00.052" endtime="20201007 19:44:00.603"></status>
</kw>
<status status="PASS" starttime="20201007 19:43:59.915" endtime="20201007 19:44:00.603"></status>
</kw>
<kw name="Should Contain Login Alert">
<arguments>
<arg>Senha é invalida</arg>
</arguments>
<kw name="Get WebElement" library="SeleniumLibrary">
<doc>Returns the first WebElement matching the given ``locator``.</doc>
<arguments>
<arg>id:flash</arg>
</arguments>
<assign>
<var>${message}</var>
</assign>
<msg timestamp="20201007 19:44:00.613" level="INFO">${message} = &lt;selenium.webdriver.remote.webelement.WebElement (session="eac6d1345bcc405b233b7964c92583b1", element="d084ec70-bb7a-4a28-9176-22c3595ce257")&gt;</msg>
<status status="PASS" starttime="20201007 19:44:00.604" endtime="20201007 19:44:00.613"></status>
</kw>
<kw name="Should Contain" library="BuiltIn">
<doc>Fails if ``container`` does not contain ``item`` one or more times.</doc>
<arguments>
<arg>${message.text}</arg>
<arg>${expect_message}</arg>
</arguments>
<status status="PASS" starttime="20201007 19:44:00.613" endtime="20201007 19:44:00.626"></status>
</kw>
<status status="PASS" starttime="20201007 19:44:00.604" endtime="20201007 19:44:00.626"></status>
</kw>
<kw name="Finalizar sessão" library="base" type="teardown">
<kw name="Capture Page Screenshot" library="SeleniumLibrary">
<doc>Takes a screenshot of the current page and embeds it into a log file.</doc>
<msg timestamp="20201007 19:44:00.925" level="INFO" html="yes">&lt;/td&gt;&lt;/tr&gt;&lt;tr&gt;&lt;td colspan="3"&gt;&lt;a href="selenium-screenshot-68.png"&gt;&lt;img src="selenium-screenshot-68.png" width="800px"&gt;&lt;/a&gt;</msg>
<status status="PASS" starttime="20201007 19:44:00.627" endtime="20201007 19:44:00.925"></status>
</kw>
<kw name="Close Browser" library="SeleniumLibrary">
<doc>Closes the current browser.</doc>
<status status="PASS" starttime="20201007 19:44:00.925" endtime="20201007 19:44:03.685"></status>
</kw>
<status status="PASS" starttime="20201007 19:44:00.626" endtime="20201007 19:44:03.685"></status>
</kw>
<tags>
<tag>login_error</tag>
</tags>
<status status="PASS" starttime="20201007 19:43:52.506" endtime="20201007 19:44:03.686" critical="yes"></status>
</test>
<test id="s1-t3" name="Usuario invalido">
<kw name="Nova sessão" library="base" type="setup">
<kw name="Open Browser" library="SeleniumLibrary">
<doc>Opens a new browser instance to the optional ``url``.</doc>
<arguments>
<arg>${url}</arg>
<arg>chrome</arg>
</arguments>
<msg timestamp="20201007 19:44:03.688" level="INFO">Opening browser 'chrome' to base url 'https://training-wheels-protocol.herokuapp.com/'.</msg>
<status status="PASS" starttime="20201007 19:44:03.688" endtime="20201007 19:44:10.603"></status>
</kw>
<status status="PASS" starttime="20201007 19:44:03.688" endtime="20201007 19:44:10.603"></status>
</kw>
<kw name="Go To" library="SeleniumLibrary">
<doc>Navigates the current browser window to the provided ``url``.</doc>
<arguments>
<arg>${url}/login</arg>
</arguments>
<msg timestamp="20201007 19:44:10.603" level="INFO">Opening url 'https://training-wheels-protocol.herokuapp.com//login'</msg>
<status status="PASS" starttime="20201007 19:44:10.603" endtime="20201007 19:44:11.136"></status>
</kw>
<kw name="Login With">
<arguments>
<arg>tiago</arg>
<arg>1234</arg>
</arguments>
<kw name="Input Text" library="SeleniumLibrary">
<doc>Types the given ``text`` into the text field identified by ``locator``.</doc>
<arguments>
<arg>css:input[name=username]</arg>
<arg>${username}</arg>
</arguments>
<msg timestamp="20201007 19:44:11.137" level="INFO">Typing text 'tiago' into text field 'css:input[name=username]'.</msg>
<status status="PASS" starttime="20201007 19:44:11.136" endtime="20201007 19:44:11.216"></status>
</kw>
<kw name="Input Text" library="SeleniumLibrary">
<doc>Types the given ``text`` into the text field identified by ``locator``.</doc>
<arguments>
<arg>css:input[name=password]</arg>
<arg>${password}</arg>
</arguments>
<msg timestamp="20201007 19:44:11.216" level="INFO">Typing text '1234' into text field 'css:input[name=password]'.</msg>
<status status="PASS" starttime="20201007 19:44:11.216" endtime="20201007 19:44:11.292"></status>
</kw>
<kw name="Click Element" library="SeleniumLibrary">
<doc>Click the element identified by ``locator``.</doc>
<arguments>
<arg>class:btn-login</arg>
</arguments>
<msg timestamp="20201007 19:44:11.292" level="INFO">Clicking element 'class:btn-login'.</msg>
<status status="PASS" starttime="20201007 19:44:11.292" endtime="20201007 19:44:11.835"></status>
</kw>
<status status="PASS" starttime="20201007 19:44:11.136" endtime="20201007 19:44:11.835"></status>
</kw>
<kw name="Should Contain Login Alert">
<arguments>
<arg>O usuário informado não está cadastrado!</arg>
</arguments>
<kw name="Get WebElement" library="SeleniumLibrary">
<doc>Returns the first WebElement matching the given ``locator``.</doc>
<arguments>
<arg>id:flash</arg>
</arguments>
<assign>
<var>${message}</var>
</assign>
<msg timestamp="20201007 19:44:11.844" level="INFO">${message} = &lt;selenium.webdriver.remote.webelement.WebElement (session="c5bbb1f77bc71b40e4c90c062eb6a039", element="e35dddf0-adf7-42ee-ad56-684065aa8c2e")&gt;</msg>
<status status="PASS" starttime="20201007 19:44:11.835" endtime="20201007 19:44:11.844"></status>
</kw>
<kw name="Should Contain" library="BuiltIn">
<doc>Fails if ``container`` does not contain ``item`` one or more times.</doc>
<arguments>
<arg>${message.text}</arg>
<arg>${expect_message}</arg>
</arguments>
<status status="PASS" starttime="20201007 19:44:11.844" endtime="20201007 19:44:11.856"></status>
</kw>
<status status="PASS" starttime="20201007 19:44:11.835" endtime="20201007 19:44:11.856"></status>
</kw>
<kw name="Finalizar sessão" library="base" type="teardown">
<kw name="Capture Page Screenshot" library="SeleniumLibrary">
<doc>Takes a screenshot of the current page and embeds it into a log file.</doc>
<msg timestamp="20201007 19:44:12.135" level="INFO" html="yes">&lt;/td&gt;&lt;/tr&gt;&lt;tr&gt;&lt;td colspan="3"&gt;&lt;a href="selenium-screenshot-69.png"&gt;&lt;img src="selenium-screenshot-69.png" width="800px"&gt;&lt;/a&gt;</msg>
<status status="PASS" starttime="20201007 19:44:11.857" endtime="20201007 19:44:12.136"></status>
</kw>
<kw name="Close Browser" library="SeleniumLibrary">
<doc>Closes the current browser.</doc>
<status status="PASS" starttime="20201007 19:44:12.136" endtime="20201007 19:44:14.659"></status>
</kw>
<status status="PASS" starttime="20201007 19:44:11.857" endtime="20201007 19:44:14.659"></status>
</kw>
<tags>
<tag>login_user404</tag>
</tags>
<status status="PASS" starttime="20201007 19:44:03.688" endtime="20201007 19:44:14.660" critical="yes"></status>
</test>
<status status="PASS" starttime="20201007 19:43:40.867" endtime="20201007 19:44:14.662"></status>
</suite>
<statistics>
<total>
<stat pass="3" fail="0">Critical Tests</stat>
<stat pass="3" fail="0">All Tests</stat>
</total>
<tag>
<stat pass="1" fail="0">login_error</stat>
<stat pass="1" fail="0">login_user404</stat>
</tag>
<suite>
<stat pass="3" fail="0" id="s1" name="Login Form">Login Form</stat>
</suite>
</statistics>
<errors>
</errors>
</robot>
