<?xml version="1.0" encoding="UTF-8"?>
<robot generator="Robot 4.0.1 (Python 3.6.5 on win32)" generated="20210413 19:28:52.072" rpa="false" schemaversion="2">
<suite id="s1" name="Login Form" source="D:\_Automation\_Curse\Automation_web_robot\web\tests\login_form.robot">
<test id="s1-t1" name="Login com sucesso">
<kw name="Nova sessão" library="base" type="SETUP">
<kw name="Open Browser" library="SeleniumLibrary">
<arg>${url}</arg>
<arg>chrome</arg>
<doc>Opens a new browser instance to the optional ``url``.</doc>
<msg timestamp="20210413 19:28:52.331" level="INFO">Opening browser 'chrome' to base url 'https://training-wheels-protocol.herokuapp.com/'.</msg>
<status status="PASS" starttime="20210413 19:28:52.331" endtime="20210413 19:29:04.574"/>
</kw>
<status status="PASS" starttime="20210413 19:28:52.330" endtime="20210413 19:29:04.574"/>
</kw>
<kw name="Go To" library="SeleniumLibrary">
<arg>${url}/login</arg>
<doc>Navigates the current browser window to the provided ``url``.</doc>
<msg timestamp="20210413 19:29:04.575" level="INFO">Opening url 'https://training-wheels-protocol.herokuapp.com//login'</msg>
<status status="PASS" starttime="20210413 19:29:04.575" endtime="20210413 19:29:05.541"/>
</kw>
<kw name="Login With">
<arg>stark</arg>
<arg>jarvis!</arg>
<kw name="Input Text" library="SeleniumLibrary">
<arg>css:input[name=username]</arg>
<arg>${username}</arg>
<doc>Types the given ``text`` into the text field identified by ``locator``.</doc>
<msg timestamp="20210413 19:29:05.542" level="INFO">Typing text 'stark' into text field 'css:input[name=username]'.</msg>
<status status="PASS" starttime="20210413 19:29:05.542" endtime="20210413 19:29:05.631"/>
</kw>
<kw name="Input Text" library="SeleniumLibrary">
<arg>css:input[name=password]</arg>
<arg>${password}</arg>
<doc>Types the given ``text`` into the text field identified by ``locator``.</doc>
<msg timestamp="20210413 19:29:05.632" level="INFO">Typing text 'jarvis!' into text field 'css:input[name=password]'.</msg>
<status status="PASS" starttime="20210413 19:29:05.631" endtime="20210413 19:29:05.724"/>
</kw>
<kw name="Click Element" library="SeleniumLibrary">
<arg>class:btn-login</arg>
<doc>Click the element identified by ``locator``.</doc>
<msg timestamp="20210413 19:29:05.725" level="INFO">Clicking element 'class:btn-login'.</msg>
<status status="PASS" starttime="20210413 19:29:05.725" endtime="20210413 19:29:06.301"/>
</kw>
<status status="PASS" starttime="20210413 19:29:05.542" endtime="20210413 19:29:06.301"/>
</kw>
<kw name="Should See Logged User">
<arg>Tony Stark</arg>
<kw name="Page Should Contain" library="SeleniumLibrary">
<arg>Olá, ${full_name}. Você acessou a área logada!</arg>
<doc>Verifies that current page contains ``text``.</doc>
<msg timestamp="20210413 19:29:06.321" level="INFO">Current page contains text 'Olá, Tony Stark. Você acessou a área logada!'.</msg>
<status status="PASS" starttime="20210413 19:29:06.302" endtime="20210413 19:29:06.322"/>
</kw>
<status status="PASS" starttime="20210413 19:29:06.302" endtime="20210413 19:29:06.322"/>
</kw>
<kw name="Finalizar sessão" library="base" type="TEARDOWN">
<kw name="Capture Page Screenshot" library="SeleniumLibrary">
<doc>Takes a screenshot of the current page and embeds it into a log file.</doc>
<msg timestamp="20210413 19:29:06.657" level="INFO" html="true">&lt;/td&gt;&lt;/tr&gt;&lt;tr&gt;&lt;td colspan="3"&gt;&lt;a href="selenium-screenshot-1.png"&gt;&lt;img src="selenium-screenshot-1.png" width="800px"&gt;&lt;/a&gt;</msg>
<status status="PASS" starttime="20210413 19:29:06.323" endtime="20210413 19:29:06.657"/>
</kw>
<kw name="Close Browser" library="SeleniumLibrary">
<doc>Closes the current browser.</doc>
<status status="PASS" starttime="20210413 19:29:06.657" endtime="20210413 19:29:09.025"/>
</kw>
<status status="PASS" starttime="20210413 19:29:06.323" endtime="20210413 19:29:09.025"/>
</kw>
<status status="PASS" starttime="20210413 19:28:52.329" endtime="20210413 19:29:09.026"/>
</test>
<test id="s1-t2" name="Senha invalida">
<kw name="Nova sessão" library="base" type="SETUP">
<kw name="Open Browser" library="SeleniumLibrary">
<arg>${url}</arg>
<arg>chrome</arg>
<doc>Opens a new browser instance to the optional ``url``.</doc>
<msg timestamp="20210413 19:29:09.028" level="INFO">Opening browser 'chrome' to base url 'https://training-wheels-protocol.herokuapp.com/'.</msg>
<status status="PASS" starttime="20210413 19:29:09.028" endtime="20210413 19:29:19.883"/>
</kw>
<status status="PASS" starttime="20210413 19:29:09.028" endtime="20210413 19:29:19.884"/>
</kw>
<kw name="Go To" library="SeleniumLibrary">
<arg>${url}/login</arg>
<doc>Navigates the current browser window to the provided ``url``.</doc>
<msg timestamp="20210413 19:29:19.884" level="INFO">Opening url 'https://training-wheels-protocol.herokuapp.com//login'</msg>
<status status="PASS" starttime="20210413 19:29:19.884" endtime="20210413 19:29:20.828"/>
</kw>
<kw name="Login With">
<arg>stark</arg>
<arg>123456</arg>
<kw name="Input Text" library="SeleniumLibrary">
<arg>css:input[name=username]</arg>
<arg>${username}</arg>
<doc>Types the given ``text`` into the text field identified by ``locator``.</doc>
<msg timestamp="20210413 19:29:20.829" level="INFO">Typing text 'stark' into text field 'css:input[name=username]'.</msg>
<status status="PASS" starttime="20210413 19:29:20.829" endtime="20210413 19:29:20.918"/>
</kw>
<kw name="Input Text" library="SeleniumLibrary">
<arg>css:input[name=password]</arg>
<arg>${password}</arg>
<doc>Types the given ``text`` into the text field identified by ``locator``.</doc>
<msg timestamp="20210413 19:29:20.918" level="INFO">Typing text '123456' into text field 'css:input[name=password]'.</msg>
<status status="PASS" starttime="20210413 19:29:20.918" endtime="20210413 19:29:21.007"/>
</kw>
<kw name="Click Element" library="SeleniumLibrary">
<arg>class:btn-login</arg>
<doc>Click the element identified by ``locator``.</doc>
<msg timestamp="20210413 19:29:21.007" level="INFO">Clicking element 'class:btn-login'.</msg>
<status status="PASS" starttime="20210413 19:29:21.007" endtime="20210413 19:29:21.570"/>
</kw>
<status status="PASS" starttime="20210413 19:29:20.828" endtime="20210413 19:29:21.570"/>
</kw>
<kw name="Should Contain Login Alert">
<arg>Senha é invalida</arg>
<kw name="Get WebElement" library="SeleniumLibrary">
<var>${message}</var>
<arg>id:flash</arg>
<doc>Returns the first WebElement matching the given ``locator``.</doc>
<msg timestamp="20210413 19:29:21.583" level="INFO">${message} = &lt;selenium.webdriver.remote.webelement.WebElement (session="53e7cc35b56f29a5e3835ec6239a83d8", element="6a6b6a47-55fd-4602-bbbd-1f809cc0950d")&gt;</msg>
<status status="PASS" starttime="20210413 19:29:21.571" endtime="20210413 19:29:21.583"/>
</kw>
<kw name="Should Contain" library="BuiltIn">
<arg>${message.text}</arg>
<arg>${expect_message}</arg>
<doc>Fails if ``container`` does not contain ``item`` one or more times.</doc>
<status status="PASS" starttime="20210413 19:29:21.583" endtime="20210413 19:29:21.601"/>
</kw>
<status status="PASS" starttime="20210413 19:29:21.571" endtime="20210413 19:29:21.601"/>
</kw>
<kw name="Finalizar sessão" library="base" type="TEARDOWN">
<kw name="Capture Page Screenshot" library="SeleniumLibrary">
<doc>Takes a screenshot of the current page and embeds it into a log file.</doc>
<msg timestamp="20210413 19:29:21.940" level="INFO" html="true">&lt;/td&gt;&lt;/tr&gt;&lt;tr&gt;&lt;td colspan="3"&gt;&lt;a href="selenium-screenshot-2.png"&gt;&lt;img src="selenium-screenshot-2.png" width="800px"&gt;&lt;/a&gt;</msg>
<status status="PASS" starttime="20210413 19:29:21.602" endtime="20210413 19:29:21.940"/>
</kw>
<kw name="Close Browser" library="SeleniumLibrary">
<doc>Closes the current browser.</doc>
<status status="PASS" starttime="20210413 19:29:21.940" endtime="20210413 19:29:24.239"/>
</kw>
<status status="PASS" starttime="20210413 19:29:21.602" endtime="20210413 19:29:24.239"/>
</kw>
<tag>login_error</tag>
<status status="PASS" starttime="20210413 19:29:09.027" endtime="20210413 19:29:24.240"/>
</test>
<test id="s1-t3" name="Usuario invalido">
<kw name="Nova sessão" library="base" type="SETUP">
<kw name="Open Browser" library="SeleniumLibrary">
<arg>${url}</arg>
<arg>chrome</arg>
<doc>Opens a new browser instance to the optional ``url``.</doc>
<msg timestamp="20210413 19:29:24.242" level="INFO">Opening browser 'chrome' to base url 'https://training-wheels-protocol.herokuapp.com/'.</msg>
<status status="PASS" starttime="20210413 19:29:24.242" endtime="20210413 19:29:34.024"/>
</kw>
<status status="PASS" starttime="20210413 19:29:24.242" endtime="20210413 19:29:34.024"/>
</kw>
<kw name="Go To" library="SeleniumLibrary">
<arg>${url}/login</arg>
<doc>Navigates the current browser window to the provided ``url``.</doc>
<msg timestamp="20210413 19:29:34.025" level="INFO">Opening url 'https://training-wheels-protocol.herokuapp.com//login'</msg>
<status status="PASS" starttime="20210413 19:29:34.025" endtime="20210413 19:29:35.042"/>
</kw>
<kw name="Login With">
<arg>tiago</arg>
<arg>1234</arg>
<kw name="Input Text" library="SeleniumLibrary">
<arg>css:input[name=username]</arg>
<arg>${username}</arg>
<doc>Types the given ``text`` into the text field identified by ``locator``.</doc>
<msg timestamp="20210413 19:29:35.043" level="INFO">Typing text 'tiago' into text field 'css:input[name=username]'.</msg>
<status status="PASS" starttime="20210413 19:29:35.043" endtime="20210413 19:29:35.143"/>
</kw>
<kw name="Input Text" library="SeleniumLibrary">
<arg>css:input[name=password]</arg>
<arg>${password}</arg>
<doc>Types the given ``text`` into the text field identified by ``locator``.</doc>
<msg timestamp="20210413 19:29:35.144" level="INFO">Typing text '1234' into text field 'css:input[name=password]'.</msg>
<status status="PASS" starttime="20210413 19:29:35.143" endtime="20210413 19:29:35.237"/>
</kw>
<kw name="Click Element" library="SeleniumLibrary">
<arg>class:btn-login</arg>
<doc>Click the element identified by ``locator``.</doc>
<msg timestamp="20210413 19:29:35.237" level="INFO">Clicking element 'class:btn-login'.</msg>
<status status="PASS" starttime="20210413 19:29:35.237" endtime="20210413 19:29:35.864"/>
</kw>
<status status="PASS" starttime="20210413 19:29:35.042" endtime="20210413 19:29:35.864"/>
</kw>
<kw name="Should Contain Login Alert">
<arg>O usuário informado não está cadastrado!</arg>
<kw name="Get WebElement" library="SeleniumLibrary">
<var>${message}</var>
<arg>id:flash</arg>
<doc>Returns the first WebElement matching the given ``locator``.</doc>
<msg timestamp="20210413 19:29:35.879" level="INFO">${message} = &lt;selenium.webdriver.remote.webelement.WebElement (session="5f5a77f353b77b053ce4c9ddd33cd84c", element="012dac70-eeae-439b-9f62-68e917e48bc2")&gt;</msg>
<status status="PASS" starttime="20210413 19:29:35.865" endtime="20210413 19:29:35.879"/>
</kw>
<kw name="Should Contain" library="BuiltIn">
<arg>${message.text}</arg>
<arg>${expect_message}</arg>
<doc>Fails if ``container`` does not contain ``item`` one or more times.</doc>
<status status="PASS" starttime="20210413 19:29:35.879" endtime="20210413 19:29:35.894"/>
</kw>
<status status="PASS" starttime="20210413 19:29:35.865" endtime="20210413 19:29:35.895"/>
</kw>
<kw name="Finalizar sessão" library="base" type="TEARDOWN">
<kw name="Capture Page Screenshot" library="SeleniumLibrary">
<doc>Takes a screenshot of the current page and embeds it into a log file.</doc>
<msg timestamp="20210413 19:29:36.228" level="INFO" html="true">&lt;/td&gt;&lt;/tr&gt;&lt;tr&gt;&lt;td colspan="3"&gt;&lt;a href="selenium-screenshot-3.png"&gt;&lt;img src="selenium-screenshot-3.png" width="800px"&gt;&lt;/a&gt;</msg>
<status status="PASS" starttime="20210413 19:29:35.896" endtime="20210413 19:29:36.228"/>
</kw>
<kw name="Close Browser" library="SeleniumLibrary">
<doc>Closes the current browser.</doc>
<status status="PASS" starttime="20210413 19:29:36.228" endtime="20210413 19:29:38.530"/>
</kw>
<status status="PASS" starttime="20210413 19:29:35.895" endtime="20210413 19:29:38.530"/>
</kw>
<tag>login_user404</tag>
<status status="PASS" starttime="20210413 19:29:24.241" endtime="20210413 19:29:38.531"/>
</test>
<status status="PASS" starttime="20210413 19:28:52.076" endtime="20210413 19:29:38.533"/>
</suite>
<statistics>
<total>
<stat pass="3" fail="0" skip="0">All Tests</stat>
</total>
<tag>
<stat pass="1" fail="0" skip="0">login_error</stat>
<stat pass="1" fail="0" skip="0">login_user404</stat>
</tag>
<suite>
<stat pass="3" fail="0" skip="0" id="s1" name="Login Form">Login Form</stat>
</suite>
</statistics>
<errors>
</errors>
</robot>
